<?xml version="1.0" encoding="UTF-8"?>
<!-- Generated by org.testng.reporters.JUnitReportReporter -->
<testsuite hostname="Kalpeshs-MacBook-Air.local" failures="0" tests="1" name="com.testing.MavenDemo.App1Test" time="0.007" errors="0" timestamp="05 Dec 2019 05:20:09 GMT" skipped="0">
  <testcase classname="com.testing.MavenDemo.App1Test" name="testapp" time="0.007"/>
</testsuite> <!-- com.testing.MavenDemo.App1Test -->
